<?xml version="1.0" encoding="UTF-8"?>
<!-- Generated by org.testng.reporters.JUnitReportReporter -->
<testsuite hostname="Mariyan" failures="0" tests="2" name="DeleteTest" time="0.025" errors="0" timestamp="2025-06-30T17:00:51 IST" skipped="0">
  <testcase classname="DeleteTest" name="deleteContactTest" time="0.022"/>
  <testcase classname="DeleteTest" name="deleteOrgTest" time="0.003"/>
</testsuite> <!-- DeleteTest -->
