<?xml version="1.0" encoding="UTF-8"?>
<!-- Generated by org.testng.reporters.JUnitReportReporter -->
<testsuite hostname="Mariyan" failures="0" tests="2" name="pac1.CreateTest" time="0.021" errors="0" timestamp="2025-07-02T10:46:23 IST" skipped="0">
  <testcase classname="pac1.CreateTest" name="createContactTest" time="0.015"/>
  <testcase classname="pac1.CreateTest" name="createOrgTest" time="0.006"/>
</testsuite> <!-- pac1.CreateTest -->
