<?xml version="1.0" encoding="UTF-8"?>
<!-- Generated by org.testng.reporters.JUnitReportReporter -->
<testsuite hostname="Mariyan" failures="0" tests="2" name="CreateContact" time="0.033" errors="0" timestamp="2025-06-30T16:37:25 IST" skipped="0">
  <testcase classname="CreateContact" name="createContactTest" time="0.025"/>
  <testcase classname="CreateContact" name="createOrgTest" time="0.008"/>
</testsuite> <!-- CreateContact -->
