<?xml version="1.0" encoding="UTF-8"?>
<!-- Generated by org.testng.reporters.JUnitReportReporter -->
<testsuite hostname="Mariyan" failures="0" tests="2" name="CreateTest" time="0.047" errors="0" timestamp="2025-06-30T16:57:37 IST" skipped="0">
  <testcase classname="CreateTest" name="createContactTest" time="0.039"/>
  <testcase classname="CreateTest" name="createOrgTest" time="0.008"/>
</testsuite> <!-- CreateTest -->
