<?xml version="1.0" encoding="UTF-8"?>
<!-- Generated by org.testng.reporters.JUnitReportReporter -->
<testsuite hostname="Mariyan" failures="0" tests="2" name="pac2.DeleteTest" time="0.027" errors="0" timestamp="2025-07-02T10:46:32 IST" skipped="0">
  <testcase classname="pac2.DeleteTest" name="deleteContactTest" time="0.017"/>
  <testcase classname="pac2.DeleteTest" name="deleteOrgTest" time="0.010"/>
</testsuite> <!-- pac2.DeleteTest -->
