<?xml version="1.0" encoding="UTF-8"?>
<!-- Generated by org.testng.reporters.JUnitReportReporter -->
<testsuite hostname="Mariyan" failures="0" tests="2" name="pac2.DeleteTest" time="0.023" errors="0" timestamp="2025-07-02T11:23:36 IST" skipped="0">
  <testcase classname="pac2.DeleteTest" name="deleteContactTest" time="0.016"/>
  <testcase classname="pac2.DeleteTest" name="deleteOrgTest" time="0.007"/>
</testsuite> <!-- pac2.DeleteTest -->
